	/projects/bgmp/agwel/miniconda3/envs/bgmp-QAA/bin/STAR-avx2 --runThreadN 8 --runMode alignReads --outFilterMultimapNmax 3 --outSAMunmapped Within KeepPairs --alignIntronMax 1000000 --alignMatesGapMax 1000000 --readFilesCommand zcat --readFilesIn /projects/bgmp/agwel/bioinfo/Bi623/QAA/trimmomatic/22_3H_R1.trimmed.fastq.gz /projects/bgmp/agwel/bioinfo/Bi623/QAA/trimmomatic/22_3H_R2.trimmed.fastq.gz --genomeDir /projects/bgmp/agwel/bioinfo/Bi623/QAA/Mus_musculus.GRCm39.dna.ens110.STAR_2.7.10b --outFileNamePrefix 22_3H_both_S16_L008_
	STAR version: 2.7.10b   compiled: 2023-05-25T06:56:23+0000 :/opt/conda/conda-bld/star_1684997536154/work/source
Sep 13 19:25:29 ..... started STAR run
Sep 13 19:25:29 ..... loading genome
Sep 13 19:25:50 ..... started mapping
Sep 13 19:29:07 ..... finished mapping
Sep 13 19:29:07 ..... finished successfully
	Command being timed: "STAR --runThreadN 8 --runMode alignReads --outFilterMultimapNmax 3 --outSAMunmapped Within KeepPairs --alignIntronMax 1000000 --alignMatesGapMax 1000000 --readFilesCommand zcat --readFilesIn /projects/bgmp/agwel/bioinfo/Bi623/QAA/trimmomatic/22_3H_R1.trimmed.fastq.gz /projects/bgmp/agwel/bioinfo/Bi623/QAA/trimmomatic/22_3H_R2.trimmed.fastq.gz --genomeDir /projects/bgmp/agwel/bioinfo/Bi623/QAA/Mus_musculus.GRCm39.dna.ens110.STAR_2.7.10b --outFileNamePrefix 22_3H_both_S16_L008_"
	User time (seconds): 185.03
	System time (seconds): 8.31
	Percent of CPU this job got: 88%
	Elapsed (wall clock) time (h:mm:ss or m:ss): 3:38.27
	Average shared text size (kbytes): 0
	Average unshared data size (kbytes): 0
	Average stack size (kbytes): 0
	Average total size (kbytes): 0
	Maximum resident set size (kbytes): 27348512
	Average resident set size (kbytes): 0
	Major (requiring I/O) page faults: 0
	Minor (reclaiming a frame) page faults: 1899287
	Voluntary context switches: 28780
	Involuntary context switches: 23879
	Swaps: 0
	File system inputs: 0
	File system outputs: 0
	Socket messages sent: 0
	Socket messages received: 0
	Signals delivered: 0
	Page size (bytes): 4096
	Exit status: 0
	/projects/bgmp/agwel/miniconda3/envs/bgmp-QAA/bin/STAR-avx2 --runThreadN 8 --runMode alignReads --outFilterMultimapNmax 3 --outSAMunmapped Within KeepPairs --alignIntronMax 1000000 --alignMatesGapMax 1000000 --readFilesCommand zcat --readFilesIn /projects/bgmp/agwel/bioinfo/Bi623/QAA/trimmomatic/23_4A_R1.trimmed.fastq.gz /projects/bgmp/agwel/bioinfo/Bi623/QAA/trimmomatic/23_4A_R2.trimmed.fastq.gz --genomeDir /projects/bgmp/agwel/bioinfo/Bi623/QAA/Mus_musculus.GRCm39.dna.ens110.STAR_2.7.10b --outFileNamePrefix 23_4A_control_S17_L008
	STAR version: 2.7.10b   compiled: 2023-05-25T06:56:23+0000 :/opt/conda/conda-bld/star_1684997536154/work/source
Sep 13 19:29:07 ..... started STAR run
Sep 13 19:29:07 ..... loading genome
Sep 13 19:29:25 ..... started mapping
Sep 13 20:10:38 ..... finished mapping
Sep 13 20:10:39 ..... finished successfully
	Command being timed: "STAR --runThreadN 8 --runMode alignReads --outFilterMultimapNmax 3 --outSAMunmapped Within KeepPairs --alignIntronMax 1000000 --alignMatesGapMax 1000000 --readFilesCommand zcat --readFilesIn /projects/bgmp/agwel/bioinfo/Bi623/QAA/trimmomatic/23_4A_R1.trimmed.fastq.gz /projects/bgmp/agwel/bioinfo/Bi623/QAA/trimmomatic/23_4A_R2.trimmed.fastq.gz --genomeDir /projects/bgmp/agwel/bioinfo/Bi623/QAA/Mus_musculus.GRCm39.dna.ens110.STAR_2.7.10b --outFileNamePrefix 23_4A_control_S17_L008"
	User time (seconds): 2340.11
	System time (seconds): 28.71
	Percent of CPU this job got: 95%
	Elapsed (wall clock) time (h:mm:ss or m:ss): 41:31.38
	Average shared text size (kbytes): 0
	Average unshared data size (kbytes): 0
	Average stack size (kbytes): 0
	Average total size (kbytes): 0
	Maximum resident set size (kbytes): 27532864
	Average resident set size (kbytes): 0
	Major (requiring I/O) page faults: 1
	Minor (reclaiming a frame) page faults: 13650143
	Voluntary context switches: 280109
	Involuntary context switches: 352341
	Swaps: 0
	File system inputs: 24
	File system outputs: 0
	Socket messages sent: 0
	Socket messages received: 0
	Signals delivered: 0
	Page size (bytes): 4096
	Exit status: 0
