Mapped Reads: 7677914
Nonmapped Reads: 124340
	Command being timed: "/projects/bgmp/agwel/bioinfo/Bi623/QAA/STAR/parse_sam.py -f /projects/bgmp/agwel/bioinfo/Bi623/QAA/STAR/22_3H_both_S16_L008_Aligned.out.sam"
	User time (seconds): 11.07
	System time (seconds): 0.58
	Percent of CPU this job got: 88%
	Elapsed (wall clock) time (h:mm:ss or m:ss): 0:13.11
	Average shared text size (kbytes): 0
	Average unshared data size (kbytes): 0
	Average stack size (kbytes): 0
	Average total size (kbytes): 0
	Maximum resident set size (kbytes): 17200
	Average resident set size (kbytes): 0
	Major (requiring I/O) page faults: 0
	Minor (reclaiming a frame) page faults: 1849
	Voluntary context switches: 114
	Involuntary context switches: 118
	Swaps: 0
	File system inputs: 0
	File system outputs: 0
	Socket messages sent: 0
	Socket messages received: 0
	Signals delivered: 0
	Page size (bytes): 4096
	Exit status: 0
Mapped Reads: 79472970
Nonmapped Reads: 4640182
	Command being timed: "/projects/bgmp/agwel/bioinfo/Bi623/QAA/STAR/parse_sam.py -f /projects/bgmp/agwel/bioinfo/Bi623/QAA/STAR/23_4A_control_S17_L008_Aligned.out.sam"
	User time (seconds): 116.17
	System time (seconds): 6.89
	Percent of CPU this job got: 99%
	Elapsed (wall clock) time (h:mm:ss or m:ss): 2:03.73
	Average shared text size (kbytes): 0
	Average unshared data size (kbytes): 0
	Average stack size (kbytes): 0
	Average total size (kbytes): 0
	Maximum resident set size (kbytes): 12956
	Average resident set size (kbytes): 0
	Major (requiring I/O) page faults: 0
	Minor (reclaiming a frame) page faults: 1850
	Voluntary context switches: 153
	Involuntary context switches: 1215
	Swaps: 0
	File system inputs: 0
	File system outputs: 0
	Socket messages sent: 0
	Socket messages received: 0
	Signals delivered: 0
	Page size (bytes): 4096
	Exit status: 0
