	/projects/bgmp/agwel/miniconda3/envs/bgmp-QAA/bin/STAR-avx2 --runThreadN 8 --runMode genomeGenerate --genomeDir /projects/bgmp/agwel/bioinfo/Bi623/QAA/Mus_musculus.GRCm39.dna.ens110.STAR_2.7.10b --genomeFastaFiles /projects/bgmp/agwel/bioinfo/Bi623/QAA/DB/Mus_musculus.GRCm39.dna.primary_assembly.fa --sjdbGTFfile /projects/bgmp/agwel/bioinfo/Bi623/QAA/DB/Mus_musculus.GRCm39.110.gtf
	STAR version: 2.7.10b   compiled: 2023-05-25T06:56:23+0000 :/opt/conda/conda-bld/star_1684997536154/work/source
Sep 11 14:55:38 ..... started STAR run
Sep 11 14:55:38 ... starting to generate Genome files
Sep 11 14:56:18 ..... processing annotations GTF
Sep 11 14:56:40 ... starting to sort Suffix Array. This may take a long time...
Sep 11 14:56:49 ... sorting Suffix Array chunks and saving them to disk...
Sep 11 16:04:53 ... loading chunks from disk, packing SA...
Sep 11 16:07:05 ... finished generating suffix array
Sep 11 16:07:05 ... generating Suffix Array index
Sep 11 16:09:22 ... completed Suffix Array index
Sep 11 16:09:22 ..... inserting junctions into the genome indices
Sep 11 16:16:44 ... writing Genome to disk ...
Sep 11 16:16:46 ... writing Suffix Array to disk ...
Sep 11 16:17:13 ... writing SAindex to disk
Sep 11 16:17:14 ..... finished successfully
	Command being timed: "STAR --runThreadN 8 --runMode genomeGenerate --genomeDir /projects/bgmp/agwel/bioinfo/Bi623/QAA/Mus_musculus.GRCm39.dna.ens110.STAR_2.7.10b --genomeFastaFiles /projects/bgmp/agwel/bioinfo/Bi623/QAA/DB/Mus_musculus.GRCm39.dna.primary_assembly.fa --sjdbGTFfile /projects/bgmp/agwel/bioinfo/Bi623/QAA/DB/Mus_musculus.GRCm39.110.gtf"
	User time (seconds): 4720.34
	System time (seconds): 54.45
	Percent of CPU this job got: 97%
	Elapsed (wall clock) time (h:mm:ss or m:ss): 1:21:36
	Average shared text size (kbytes): 0
	Average unshared data size (kbytes): 0
	Average stack size (kbytes): 0
	Average total size (kbytes): 0
	Maximum resident set size (kbytes): 32385908
	Average resident set size (kbytes): 0
	Major (requiring I/O) page faults: 0
	Minor (reclaiming a frame) page faults: 42401616
	Voluntary context switches: 22880
	Involuntary context switches: 406104
	Swaps: 0
	File system inputs: 0
	File system outputs: 0
	Socket messages sent: 0
	Socket messages received: 0
	Signals delivered: 0
	Page size (bytes): 4096
	Exit status: 0
