	Command being timed: "/projects/bgmp/agwel/bioinfo/Bi622/Demultiplex/Assignment-the-first/part1/part1.py -f /projects/bgmp/shared/2017_sequencing/demultiplexed/23_4A_control_S17_L008_R1_001.fastq.gz -o 23_4A_control_S17_L008_R1_001.distribution -l 101"
	User time (seconds): 539.91
	System time (seconds): 0.71
	Percent of CPU this job got: 98%
	Elapsed (wall clock) time (h:mm:ss or m:ss): 9:11.29
	Average shared text size (kbytes): 0
	Average unshared data size (kbytes): 0
	Average stack size (kbytes): 0
	Average total size (kbytes): 0
	Maximum resident set size (kbytes): 68504
	Average resident set size (kbytes): 0
	Major (requiring I/O) page faults: 0
	Minor (reclaiming a frame) page faults: 38248
	Voluntary context switches: 2063
	Involuntary context switches: 166200
	Swaps: 0
	File system inputs: 0
	File system outputs: 0
	Socket messages sent: 0
	Socket messages received: 0
	Signals delivered: 0
	Page size (bytes): 4096
	Exit status: 0
