	Command being timed: "/projects/bgmp/agwel/bioinfo/Bi622/Demultiplex/Assignment-the-first/part1/part1.py -f /projects/bgmp/shared/2017_sequencing/demultiplexed/23_4A_control_S17_L008_R1_001.fastq.gz -o 23_4A_control_S17_L008_R1_001.distribution -l 101 -m 23_4A_control_S17_L008_R1"
	User time (seconds): 561.76
	System time (seconds): 1.10
	Percent of CPU this job got: 98%
	Elapsed (wall clock) time (h:mm:ss or m:ss): 9:29.85
	Average shared text size (kbytes): 0
	Average unshared data size (kbytes): 0
	Average stack size (kbytes): 0
	Average total size (kbytes): 0
	Maximum resident set size (kbytes): 72468
	Average resident set size (kbytes): 0
	Major (requiring I/O) page faults: 0
	Minor (reclaiming a frame) page faults: 52766
	Voluntary context switches: 2834
	Involuntary context switches: 163824
	Swaps: 0
	File system inputs: 0
	File system outputs: 0
	Socket messages sent: 0
	Socket messages received: 0
	Signals delivered: 0
	Page size (bytes): 4096
	Exit status: 0
	Command being timed: "/projects/bgmp/agwel/bioinfo/Bi622/Demultiplex/Assignment-the-first/part1/part1.py -f /projects/bgmp/shared/2017_sequencing/demultiplexed/22_3H_both_S16_L008_R1_001.fastq.gz -o 22_3H_both_S16_L008_R1_001.distribution -l 101 -m 22_3H_both_S16_L008_R1"
	User time (seconds): 51.33
	System time (seconds): 0.77
	Percent of CPU this job got: 101%
	Elapsed (wall clock) time (h:mm:ss or m:ss): 0:51.52
	Average shared text size (kbytes): 0
	Average unshared data size (kbytes): 0
	Average stack size (kbytes): 0
	Average total size (kbytes): 0
	Maximum resident set size (kbytes): 70644
	Average resident set size (kbytes): 0
	Major (requiring I/O) page faults: 0
	Minor (reclaiming a frame) page faults: 30087
	Voluntary context switches: 522
	Involuntary context switches: 162650
	Swaps: 0
	File system inputs: 0
	File system outputs: 0
	Socket messages sent: 0
	Socket messages received: 0
	Signals delivered: 0
	Page size (bytes): 4096
	Exit status: 0
