	Command being timed: "/projects/bgmp/agwel/bioinfo/Bi622/Demultiplex/Assignment-the-first/part1/part1.py -f /projects/bgmp/shared/2017_sequencing/demultiplexed/22_3H_both_S16_L008_R2_001.fastq.gz -o 22_3H_both_S16_L008_R2_001.distribution -l 101"
	User time (seconds): 49.86
	System time (seconds): 0.87
	Percent of CPU this job got: 90%
	Elapsed (wall clock) time (h:mm:ss or m:ss): 0:56.28
	Average shared text size (kbytes): 0
	Average unshared data size (kbytes): 0
	Average stack size (kbytes): 0
	Average total size (kbytes): 0
	Maximum resident set size (kbytes): 66480
	Average resident set size (kbytes): 0
	Major (requiring I/O) page faults: 0
	Minor (reclaiming a frame) page faults: 32114
	Voluntary context switches: 1975
	Involuntary context switches: 77
	Swaps: 0
	File system inputs: 0
	File system outputs: 0
	Socket messages sent: 0
	Socket messages received: 0
	Signals delivered: 0
	Page size (bytes): 4096
	Exit status: 0
