	Command being timed: "/projects/bgmp/agwel/bioinfo/Bi622/Demultiplex/Assignment-the-first/part1/part1.py -f /projects/bgmp/shared/2017_sequencing/demultiplexed/23_4A_control_S17_L008_R2_001.fastq.gz -o 23_4A_control_S17_L008_R2_001.distribution -l 101 -m 23_4A_control_S17_L008_R2"
	User time (seconds): 562.04
	System time (seconds): 1.93
	Percent of CPU this job got: 98%
	Elapsed (wall clock) time (h:mm:ss or m:ss): 9:30.83
	Average shared text size (kbytes): 0
	Average unshared data size (kbytes): 0
	Average stack size (kbytes): 0
	Average total size (kbytes): 0
	Maximum resident set size (kbytes): 68536
	Average resident set size (kbytes): 0
	Major (requiring I/O) page faults: 0
	Minor (reclaiming a frame) page faults: 38710
	Voluntary context switches: 2783
	Involuntary context switches: 183250
	Swaps: 0
	File system inputs: 0
	File system outputs: 0
	Socket messages sent: 0
	Socket messages received: 0
	Signals delivered: 0
	Page size (bytes): 4096
	Exit status: 0
usage: part1.py [-h] [-f FILENAME] [-o OUTPUT] [-l READ_LENGTH] -m LIBRARY
part1.py: error: the following arguments are required: -m/--library
Command exited with non-zero status 2
	Command being timed: "/projects/bgmp/agwel/bioinfo/Bi622/Demultiplex/Assignment-the-first/part1/part1.py -f /projects/bgmp/shared/2017_sequencing/demultiplexed/22_3H_both_S16_L008_R2_001.fastq.gz"
	User time (seconds): 0.39
	System time (seconds): 0.22
	Percent of CPU this job got: 146%
	Elapsed (wall clock) time (h:mm:ss or m:ss): 0:00.42
	Average shared text size (kbytes): 0
	Average unshared data size (kbytes): 0
	Average stack size (kbytes): 0
	Average total size (kbytes): 0
	Maximum resident set size (kbytes): 56504
	Average resident set size (kbytes): 0
	Major (requiring I/O) page faults: 0
	Minor (reclaiming a frame) page faults: 12895
	Voluntary context switches: 499
	Involuntary context switches: 158388
	Swaps: 0
	File system inputs: 0
	File system outputs: 0
	Socket messages sent: 0
	Socket messages received: 0
	Signals delivered: 0
	Page size (bytes): 4096
	Exit status: 2
/var/spool/slurm/job71117/slurm_script: line 17: -o: command not found
