
----------------------------------------------------------------------------
  fastqc: fastqc/0.11.5
----------------------------------------------------------------------------

     Other possible modules matches:
        FastQC

    This module can be loaded directly: module load fastqc/0.11.5

    Help:
      FastQC
      A quality control application for high throughput sequence data
      
      

----------------------------------------------------------------------------
  To find other possible module matches execute:

      $ module -r spider '.*fastqc.*'


 

Started analysis of 22_3H_both_S16_L008_R1_001.fastq.gz
Approx 5% complete for 22_3H_both_S16_L008_R1_001.fastq.gz
Approx 10% complete for 22_3H_both_S16_L008_R1_001.fastq.gz
Approx 15% complete for 22_3H_both_S16_L008_R1_001.fastq.gz
Approx 20% complete for 22_3H_both_S16_L008_R1_001.fastq.gz
Approx 25% complete for 22_3H_both_S16_L008_R1_001.fastq.gz
Approx 30% complete for 22_3H_both_S16_L008_R1_001.fastq.gz
Approx 35% complete for 22_3H_both_S16_L008_R1_001.fastq.gz
Approx 40% complete for 22_3H_both_S16_L008_R1_001.fastq.gz
Approx 45% complete for 22_3H_both_S16_L008_R1_001.fastq.gz
Approx 50% complete for 22_3H_both_S16_L008_R1_001.fastq.gz
Approx 55% complete for 22_3H_both_S16_L008_R1_001.fastq.gz
Approx 60% complete for 22_3H_both_S16_L008_R1_001.fastq.gz
Approx 65% complete for 22_3H_both_S16_L008_R1_001.fastq.gz
Approx 70% complete for 22_3H_both_S16_L008_R1_001.fastq.gz
Approx 75% complete for 22_3H_both_S16_L008_R1_001.fastq.gz
Approx 80% complete for 22_3H_both_S16_L008_R1_001.fastq.gz
Approx 85% complete for 22_3H_both_S16_L008_R1_001.fastq.gz
Approx 90% complete for 22_3H_both_S16_L008_R1_001.fastq.gz
Approx 95% complete for 22_3H_both_S16_L008_R1_001.fastq.gz
Analysis complete for 22_3H_both_S16_L008_R1_001.fastq.gz
Started analysis of 22_3H_both_S16_L008_R2_001.fastq.gz
Approx 5% complete for 22_3H_both_S16_L008_R2_001.fastq.gz
Approx 10% complete for 22_3H_both_S16_L008_R2_001.fastq.gz
Approx 15% complete for 22_3H_both_S16_L008_R2_001.fastq.gz
Approx 20% complete for 22_3H_both_S16_L008_R2_001.fastq.gz
Approx 25% complete for 22_3H_both_S16_L008_R2_001.fastq.gz
Approx 30% complete for 22_3H_both_S16_L008_R2_001.fastq.gz
Approx 35% complete for 22_3H_both_S16_L008_R2_001.fastq.gz
Approx 40% complete for 22_3H_both_S16_L008_R2_001.fastq.gz
Approx 45% complete for 22_3H_both_S16_L008_R2_001.fastq.gz
Approx 50% complete for 22_3H_both_S16_L008_R2_001.fastq.gz
Approx 55% complete for 22_3H_both_S16_L008_R2_001.fastq.gz
Approx 60% complete for 22_3H_both_S16_L008_R2_001.fastq.gz
Approx 65% complete for 22_3H_both_S16_L008_R2_001.fastq.gz
Approx 70% complete for 22_3H_both_S16_L008_R2_001.fastq.gz
Approx 75% complete for 22_3H_both_S16_L008_R2_001.fastq.gz
Approx 80% complete for 22_3H_both_S16_L008_R2_001.fastq.gz
Approx 85% complete for 22_3H_both_S16_L008_R2_001.fastq.gz
Approx 90% complete for 22_3H_both_S16_L008_R2_001.fastq.gz
Approx 95% complete for 22_3H_both_S16_L008_R2_001.fastq.gz
Analysis complete for 22_3H_both_S16_L008_R2_001.fastq.gz
	Command being timed: "fastqc -o /projects/bgmp/agwel/bioinfo/Bi623/QAA/fastqc_out /projects/bgmp/shared/2017_sequencing/demultiplexed/22_3H_both_S16_L008_R1_001.fastq.gz /projects/bgmp/shared/2017_sequencing/demultiplexed/22_3H_both_S16_L008_R2_001.fastq.gz"
	User time (seconds): 39.79
	System time (seconds): 1.99
	Percent of CPU this job got: 97%
	Elapsed (wall clock) time (h:mm:ss or m:ss): 0:42.64
	Average shared text size (kbytes): 0
	Average unshared data size (kbytes): 0
	Average stack size (kbytes): 0
	Average total size (kbytes): 0
	Maximum resident set size (kbytes): 376256
	Average resident set size (kbytes): 0
	Major (requiring I/O) page faults: 206
	Minor (reclaiming a frame) page faults: 66176
	Voluntary context switches: 8712
	Involuntary context switches: 85
	Swaps: 0
	File system inputs: 45256
	File system outputs: 5264
	Socket messages sent: 0
	Socket messages received: 0
	Signals delivered: 0
	Page size (bytes): 4096
	Exit status: 0
Started analysis of 23_4A_control_S17_L008_R1_001.fastq.gz
Approx 5% complete for 23_4A_control_S17_L008_R1_001.fastq.gz
Approx 10% complete for 23_4A_control_S17_L008_R1_001.fastq.gz
Approx 15% complete for 23_4A_control_S17_L008_R1_001.fastq.gz
Approx 20% complete for 23_4A_control_S17_L008_R1_001.fastq.gz
Approx 25% complete for 23_4A_control_S17_L008_R1_001.fastq.gz
Approx 30% complete for 23_4A_control_S17_L008_R1_001.fastq.gz
Approx 35% complete for 23_4A_control_S17_L008_R1_001.fastq.gz
Approx 40% complete for 23_4A_control_S17_L008_R1_001.fastq.gz
Approx 45% complete for 23_4A_control_S17_L008_R1_001.fastq.gz
Approx 50% complete for 23_4A_control_S17_L008_R1_001.fastq.gz
Approx 55% complete for 23_4A_control_S17_L008_R1_001.fastq.gz
Approx 60% complete for 23_4A_control_S17_L008_R1_001.fastq.gz
Approx 65% complete for 23_4A_control_S17_L008_R1_001.fastq.gz
Approx 70% complete for 23_4A_control_S17_L008_R1_001.fastq.gz
Approx 75% complete for 23_4A_control_S17_L008_R1_001.fastq.gz
Approx 80% complete for 23_4A_control_S17_L008_R1_001.fastq.gz
Approx 85% complete for 23_4A_control_S17_L008_R1_001.fastq.gz
Approx 90% complete for 23_4A_control_S17_L008_R1_001.fastq.gz
Approx 95% complete for 23_4A_control_S17_L008_R1_001.fastq.gz
Analysis complete for 23_4A_control_S17_L008_R1_001.fastq.gz
Started analysis of 23_4A_control_S17_L008_R2_001.fastq.gz
Approx 5% complete for 23_4A_control_S17_L008_R2_001.fastq.gz
Approx 10% complete for 23_4A_control_S17_L008_R2_001.fastq.gz
Approx 15% complete for 23_4A_control_S17_L008_R2_001.fastq.gz
Approx 20% complete for 23_4A_control_S17_L008_R2_001.fastq.gz
Approx 25% complete for 23_4A_control_S17_L008_R2_001.fastq.gz
Approx 30% complete for 23_4A_control_S17_L008_R2_001.fastq.gz
Approx 35% complete for 23_4A_control_S17_L008_R2_001.fastq.gz
Approx 40% complete for 23_4A_control_S17_L008_R2_001.fastq.gz
Approx 45% complete for 23_4A_control_S17_L008_R2_001.fastq.gz
Approx 50% complete for 23_4A_control_S17_L008_R2_001.fastq.gz
Approx 55% complete for 23_4A_control_S17_L008_R2_001.fastq.gz
Approx 60% complete for 23_4A_control_S17_L008_R2_001.fastq.gz
Approx 65% complete for 23_4A_control_S17_L008_R2_001.fastq.gz
Approx 70% complete for 23_4A_control_S17_L008_R2_001.fastq.gz
Approx 75% complete for 23_4A_control_S17_L008_R2_001.fastq.gz
Approx 80% complete for 23_4A_control_S17_L008_R2_001.fastq.gz
Approx 85% complete for 23_4A_control_S17_L008_R2_001.fastq.gz
Approx 90% complete for 23_4A_control_S17_L008_R2_001.fastq.gz
Approx 95% complete for 23_4A_control_S17_L008_R2_001.fastq.gz
Analysis complete for 23_4A_control_S17_L008_R2_001.fastq.gz
	Command being timed: "fastqc -o /projects/bgmp/agwel/bioinfo/Bi623/QAA/fastqc_out /projects/bgmp/shared/2017_sequencing/demultiplexed/23_4A_control_S17_L008_R1_001.fastq.gz /projects/bgmp/shared/2017_sequencing/demultiplexed/23_4A_control_S17_L008_R2_001.fastq.gz"
	User time (seconds): 367.75
	System time (seconds): 17.87
	Percent of CPU this job got: 100%
	Elapsed (wall clock) time (h:mm:ss or m:ss): 6:24.30
	Average shared text size (kbytes): 0
	Average unshared data size (kbytes): 0
	Average stack size (kbytes): 0
	Average total size (kbytes): 0
	Maximum resident set size (kbytes): 375784
	Average resident set size (kbytes): 0
	Major (requiring I/O) page faults: 0
	Minor (reclaiming a frame) page faults: 83336
	Voluntary context switches: 44659
	Involuntary context switches: 223
	Swaps: 0
	File system inputs: 0
	File system outputs: 5664
	Socket messages sent: 0
	Socket messages received: 0
	Signals delivered: 0
	Page size (bytes): 4096
	Exit status: 0
