This is cutadapt 4.4 with Python 3.10.8
Command line parameters: -a AGATCGGAAGAGCACACGTCTGAACTCCAGTCA -A AGATCGGAAGAGCGTCGTGTAGGGAAAGAGTGT -o /projects/bgmp/agwel/bioinfo/Bi623/QAA/cutadapt_out/cut_22_3H_both_S16_L008_R1_001.fastq.gz -p /projects/bgmp/agwel/bioinfo/Bi623/QAA/cutadapt_out/cut_22_3H_both_S16_L008_R2_001.fastq.gz /projects/bgmp/shared/2017_sequencing/demultiplexed/22_3H_both_S16_L008_R1_001.fastq.gz /projects/bgmp/shared/2017_sequencing/demultiplexed/22_3H_both_S16_L008_R2_001.fastq.gz
Processing paired-end reads on 1 core ...
Finished in 91.413 s (22.566 µs/read; 2.66 M reads/minute).

=== Summary ===

Total read pairs processed:          4,050,899
  Read 1 with adapter:                 153,089 (3.8%)
  Read 2 with adapter:                 186,534 (4.6%)
Pairs written (passing filters):     4,050,899 (100.0%)

Total basepairs processed:   818,281,598 bp
  Read 1:   409,140,799 bp
  Read 2:   409,140,799 bp
Total written (filtered):    815,265,349 bp (99.6%)
  Read 1:   407,700,835 bp
  Read 2:   407,564,514 bp

=== First read: Adapter 1 ===

Sequence: AGATCGGAAGAGCACACGTCTGAACTCCAGTCA; Type: regular 3'; Length: 33; Trimmed: 153089 times

Minimum overlap: 3
No. of allowed errors:
1-9 bp: 0; 10-19 bp: 1; 20-29 bp: 2; 30-33 bp: 3

Bases preceding removed adapters:
  A: 21.1%
  C: 30.8%
  G: 30.2%
  T: 17.7%
  none/other: 0.2%

Overview of removed sequences
length	count	expect	max.err	error counts
3	75429	63295.3	0	75429
4	17444	15823.8	0	17444
5	6268	3956.0	0	6268
6	2911	989.0	0	2911
7	2584	247.2	0	2584
8	2382	61.8	0	2382
9	2434	15.5	0	2341 93
10	2338	3.9	1	2184 154
11	2260	1.0	1	2164 96
12	2253	0.2	1	2170 83
13	2022	0.1	1	1952 70
14	1965	0.0	1	1895 70
15	1927	0.0	1	1861 66
16	1842	0.0	1	1771 71
17	1783	0.0	1	1723 60
18	1718	0.0	1	1650 66 2
19	1629	0.0	1	1566 60 3
20	1562	0.0	2	1489 65 8
21	1544	0.0	2	1478 53 13
22	1455	0.0	2	1369 67 19
23	1341	0.0	2	1280 50 11
24	1289	0.0	2	1209 65 15
25	1208	0.0	2	1145 55 8
26	1253	0.0	2	1174 67 12
27	1101	0.0	2	1039 52 10
28	1076	0.0	2	1001 63 11 1
29	1004	0.0	2	949 50 4 1
30	931	0.0	3	884 38 6 3
31	902	0.0	3	840 47 9 6
32	825	0.0	3	770 47 6 2
33	753	0.0	3	698 41 8 6
34	698	0.0	3	660 29 8 1
35	647	0.0	3	606 34 5 2
36	650	0.0	3	607 35 7 1
37	555	0.0	3	518 32 3 2
38	541	0.0	3	513 24 3 1
39	514	0.0	3	488 20 6
40	426	0.0	3	399 21 4 2
41	364	0.0	3	336 25 1 2
42	350	0.0	3	323 24 3
43	314	0.0	3	298 12 2 2
44	292	0.0	3	272 16 2 2
45	245	0.0	3	238 6 0 1
46	204	0.0	3	193 10 1
47	185	0.0	3	170 14 0 1
48	171	0.0	3	166 3 1 1
49	152	0.0	3	147 4 1
50	130	0.0	3	121 7 2
51	115	0.0	3	108 4 3
52	94	0.0	3	85 7 1 1
53	98	0.0	3	92 5 1
54	66	0.0	3	59 7
55	81	0.0	3	73 7 0 1
56	41	0.0	3	36 5
57	43	0.0	3	40 2 0 1
58	40	0.0	3	38 2
59	25	0.0	3	22 1 2
60	36	0.0	3	34 1 0 1
61	35	0.0	3	31 2 1 1
62	37	0.0	3	33 2 2
63	15	0.0	3	13 2
64	16	0.0	3	15 0 0 1
65	18	0.0	3	17 0 0 1
66	16	0.0	3	14 2
67	11	0.0	3	7 3 1
68	18	0.0	3	17 1
69	7	0.0	3	7
70	15	0.0	3	11 1 2 1
71	3	0.0	3	3
72	3	0.0	3	2 1
73	9	0.0	3	7 2
74	7	0.0	3	7
75	4	0.0	3	2 2
76	2	0.0	3	2
77	4	0.0	3	3 1
78	3	0.0	3	2 0 0 1
79	5	0.0	3	2 0 3
80	4	0.0	3	4
81	1	0.0	3	1
82	2	0.0	3	2
83	2	0.0	3	1 1
84	1	0.0	3	1
85	3	0.0	3	3
87	2	0.0	3	2
88	1	0.0	3	0 0 1
90	1	0.0	3	1
91	3	0.0	3	3
92	1	0.0	3	1
94	1	0.0	3	1
95	1	0.0	3	1
96	1	0.0	3	1
100	1	0.0	3	0 0 0 1
101	326	0.0	3	1 241 80 4


=== Second read: Adapter 2 ===

Sequence: AGATCGGAAGAGCGTCGTGTAGGGAAAGAGTGT; Type: regular 3'; Length: 33; Trimmed: 186534 times

Minimum overlap: 3
No. of allowed errors:
1-9 bp: 0; 10-19 bp: 1; 20-29 bp: 2; 30-33 bp: 3

Bases preceding removed adapters:
  A: 25.7%
  C: 31.5%
  G: 31.0%
  T: 11.6%
  none/other: 0.2%

Overview of removed sequences
length	count	expect	max.err	error counts
3	101827	63295.3	0	101827
4	21693	15823.8	0	21693
5	7544	3956.0	0	7544
6	3311	989.0	0	3311
7	2643	247.2	0	2643
8	2432	61.8	0	2432
9	2506	15.5	0	2373 133
10	2418	3.9	1	2211 207
11	2329	1.0	1	2190 139
12	2302	0.2	1	2231 71
13	2036	0.1	1	1990 46
14	1989	0.0	1	1946 43
15	1955	0.0	1	1889 66
16	1868	0.0	1	1833 35
17	1794	0.0	1	1735 59
18	1732	0.0	1	1675 57
19	1653	0.0	1	1598 55
20	1578	0.0	2	1513 54 11
21	1556	0.0	2	1487 60 9
22	1473	0.0	2	1408 55 10
23	1359	0.0	2	1295 53 11
24	1301	0.0	2	1229 63 9
25	1223	0.0	2	1163 54 6
26	1265	0.0	2	1206 51 8
27	1126	0.0	2	1064 54 8
28	1102	0.0	2	1051 39 12
29	1019	0.0	2	960 53 5 1
30	938	0.0	3	887 43 6 2
31	910	0.0	3	856 44 9 1
32	842	0.0	3	791 37 10 4
33	763	0.0	3	717 31 11 4
34	714	0.0	3	670 31 10 3
35	658	0.0	3	631 22 4 1
36	666	0.0	3	627 27 8 4
37	569	0.0	3	536 26 5 2
38	557	0.0	3	524 27 5 1
39	526	0.0	3	495 23 5 3
40	440	0.0	3	413 24 1 2
41	377	0.0	3	342 26 6 3
42	359	0.0	3	338 15 4 2
43	325	0.0	3	298 18 8 1
44	303	0.0	3	279 17 6 1
45	255	0.0	3	235 15 3 2
46	215	0.0	3	198 10 3 4
47	196	0.0	3	180 13 3
48	184	0.0	3	168 9 3 4
49	157	0.0	3	146 7 2 2
50	143	0.0	3	129 8 3 3
51	122	0.0	3	114 5 2 1
52	99	0.0	3	91 5 3
53	111	0.0	3	97 8 3 3
54	73	0.0	3	66 5 1 1
55	94	0.0	3	79 10 3 2
56	44	0.0	3	41 0 2 1
57	51	0.0	3	40 6 4 1
58	48	0.0	3	44 0 2 2
59	33	0.0	3	25 2 3 3
60	43	0.0	3	39 1 1 2
61	43	0.0	3	34 6 1 2
62	49	0.0	3	44 4 1
63	19	0.0	3	17 1 0 1
64	26	0.0	3	17 4 2 3
65	22	0.0	3	18 0 4
66	20	0.0	3	14 1 4 1
67	21	0.0	3	14 3 2 2
68	23	0.0	3	19 4
69	15	0.0	3	11 2 0 2
70	19	0.0	3	17 2
71	10	0.0	3	8 0 1 1
72	8	0.0	3	6 0 1 1
73	15	0.0	3	12 2 1
74	15	0.0	3	11 1 1 2
75	10	0.0	3	6 1 2 1
76	4	0.0	3	4
77	9	0.0	3	5 3 0 1
78	4	0.0	3	2 0 1 1
79	7	0.0	3	5 1 1
80	5	0.0	3	5
81	1	0.0	3	1
82	2	0.0	3	2
83	2	0.0	3	1 1
84	1	0.0	3	1
85	3	0.0	3	3
87	2	0.0	3	2
88	1	0.0	3	0 1
90	1	0.0	3	1
91	3	0.0	3	3
92	1	0.0	3	0 1
94	1	0.0	3	0 1
95	2	0.0	3	2
96	1	0.0	3	1
101	320	0.0	3	0 229 86 5
	Command being timed: "cutadapt -a AGATCGGAAGAGCACACGTCTGAACTCCAGTCA -A AGATCGGAAGAGCGTCGTGTAGGGAAAGAGTGT -o /projects/bgmp/agwel/bioinfo/Bi623/QAA/cutadapt_out/cut_22_3H_both_S16_L008_R1_001.fastq.gz -p /projects/bgmp/agwel/bioinfo/Bi623/QAA/cutadapt_out/cut_22_3H_both_S16_L008_R2_001.fastq.gz /projects/bgmp/shared/2017_sequencing/demultiplexed/22_3H_both_S16_L008_R1_001.fastq.gz /projects/bgmp/shared/2017_sequencing/demultiplexed/22_3H_both_S16_L008_R2_001.fastq.gz"
	User time (seconds): 90.93
	System time (seconds): 0.12
	Percent of CPU this job got: 97%
	Elapsed (wall clock) time (h:mm:ss or m:ss): 1:33.74
	Average shared text size (kbytes): 0
	Average unshared data size (kbytes): 0
	Average stack size (kbytes): 0
	Average total size (kbytes): 0
	Maximum resident set size (kbytes): 39004
	Average resident set size (kbytes): 0
	Major (requiring I/O) page faults: 0
	Minor (reclaiming a frame) page faults: 6489
	Voluntary context switches: 1090
	Involuntary context switches: 59
	Swaps: 0
	File system inputs: 0
	File system outputs: 0
	Socket messages sent: 0
	Socket messages received: 0
	Signals delivered: 0
	Page size (bytes): 4096
	Exit status: 0
This is cutadapt 4.4 with Python 3.10.8
Command line parameters: -a AGATCGGAAGAGCACACGTCTGAACTCCAGTCA -A AGATCGGAAGAGCGTCGTGTAGGGAAAGAGTGT -o /projects/bgmp/agwel/bioinfo/Bi623/QAA/cutadapt_out/cut_23_4A_control_S17_L008_R1_001.fastq.gz -p /projects/bgmp/agwel/bioinfo/Bi623/QAA/cutadapt_out/cut_23_4A_control_S17_L008_R2_001.fastq.gz /projects/bgmp/shared/2017_sequencing/demultiplexed/23_4A_control_S17_L008_R1_001.fastq.gz /projects/bgmp/shared/2017_sequencing/demultiplexed/23_4A_control_S17_L008_R2_001.fastq.gz
Processing paired-end reads on 1 core ...
Finished in 1001.709 s (22.610 µs/read; 2.65 M reads/minute).

=== Summary ===

Total read pairs processed:         44,303,262
  Read 1 with adapter:               1,359,563 (3.1%)
  Read 2 with adapter:               1,657,134 (3.7%)
Pairs written (passing filters):    44,303,262 (100.0%)

Total basepairs processed: 8,949,258,924 bp
  Read 1: 4,474,629,462 bp
  Read 2: 4,474,629,462 bp
Total written (filtered):  8,925,098,135 bp (99.7%)
  Read 1: 4,463,208,431 bp
  Read 2: 4,461,889,704 bp

=== First read: Adapter 1 ===

Sequence: AGATCGGAAGAGCACACGTCTGAACTCCAGTCA; Type: regular 3'; Length: 33; Trimmed: 1359563 times

Minimum overlap: 3
No. of allowed errors:
1-9 bp: 0; 10-19 bp: 1; 20-29 bp: 2; 30-33 bp: 3

Bases preceding removed adapters:
  A: 23.4%
  C: 29.6%
  G: 30.7%
  T: 15.0%
  none/other: 1.3%

Overview of removed sequences
length	count	expect	max.err	error counts
3	791457	692238.5	0	791457
4	175590	173059.6	0	175590
5	57940	43264.9	0	57940
6	19829	10816.2	0	19829
7	17401	2704.1	0	17401
8	15343	676.0	0	15343
9	15674	169.0	0	14913 761
10	16118	42.3	1	14804 1314
11	14035	10.6	1	13367 668
12	13261	2.6	1	12738 523
13	12811	0.7	1	12317 494
14	12126	0.2	1	11645 481
15	11450	0.0	1	11022 428
16	10938	0.0	1	10472 466
17	10444	0.0	1	10040 404
18	9874	0.0	1	9446 420 8
19	9270	0.0	1	8852 406 12
20	8622	0.0	2	8169 398 55
21	8207	0.0	2	7775 366 66
22	7947	0.0	2	7533 357 57
23	7408	0.0	2	6988 365 55
24	7084	0.0	2	6631 393 60
25	6425	0.0	2	6054 313 58
26	6257	0.0	2	5864 335 58
27	5635	0.0	2	5296 285 51 3
28	5381	0.0	2	5059 272 47 3
29	5153	0.0	2	4824 267 59 3
30	4902	0.0	3	4546 290 46 20
31	4262	0.0	3	3922 271 51 18
32	3993	0.0	3	3693 246 41 13
33	3738	0.0	3	3465 228 32 13
34	3506	0.0	3	3231 233 28 14
35	3177	0.0	3	2965 160 34 18
36	3107	0.0	3	2871 196 31 9
37	2845	0.0	3	2679 132 20 14
38	2626	0.0	3	2435 158 23 10
39	2533	0.0	3	2334 161 23 15
40	2307	0.0	3	2131 137 26 13
41	2049	0.0	3	1919 107 15 8
42	1915	0.0	3	1771 125 15 4
43	1656	0.0	3	1534 95 20 7
44	1520	0.0	3	1418 78 18 6
45	1437	0.0	3	1319 86 21 11
46	1319	0.0	3	1216 73 17 13
47	1175	0.0	3	1088 65 13 9
48	1053	0.0	3	954 81 13 5
49	1022	0.0	3	952 53 12 5
50	964	0.0	3	890 55 6 13
51	888	0.0	3	822 54 8 4
52	767	0.0	3	698 52 5 12
53	689	0.0	3	628 50 9 2
54	655	0.0	3	603 38 12 2
55	604	0.0	3	545 45 4 10
56	490	0.0	3	455 25 8 2
57	476	0.0	3	437 28 5 6
58	433	0.0	3	396 25 9 3
59	409	0.0	3	357 39 6 7
60	431	0.0	3	393 27 6 5
61	389	0.0	3	359 25 3 2
62	348	0.0	3	314 19 8 7
63	308	0.0	3	272 20 5 11
64	283	0.0	3	262 13 6 2
65	246	0.0	3	220 17 4 5
66	216	0.0	3	190 15 9 2
67	187	0.0	3	164 15 4 4
68	161	0.0	3	150 7 4
69	189	0.0	3	168 17 1 3
70	180	0.0	3	156 15 6 3
71	118	0.0	3	105 8 1 4
72	119	0.0	3	109 8 1 1
73	83	0.0	3	71 5 5 2
74	62	0.0	3	57 3 1 1
75	61	0.0	3	54 6 0 1
76	48	0.0	3	41 4 1 2
77	38	0.0	3	33 5
78	31	0.0	3	25 4 2
79	21	0.0	3	19 2
80	26	0.0	3	23 1 2
81	23	0.0	3	19 2 1 1
82	12	0.0	3	8 3 0 1
83	14	0.0	3	8 3 1 2
84	13	0.0	3	13
85	11	0.0	3	11
86	14	0.0	3	12 1 1
87	14	0.0	3	14
88	8	0.0	3	8
89	5	0.0	3	4 1
90	6	0.0	3	5 1
91	11	0.0	3	10 1
92	4	0.0	3	3 0 0 1
93	9	0.0	3	8 1
94	3	0.0	3	3
95	2	0.0	3	1 1
96	6	0.0	3	5 0 0 1
97	3	0.0	3	3
98	7	0.0	3	6 1
99	5	0.0	3	4 0 1
100	1	0.0	3	1
101	17650	0.0	3	5 16105 1381 159


=== Second read: Adapter 2 ===

Sequence: AGATCGGAAGAGCGTCGTGTAGGGAAAGAGTGT; Type: regular 3'; Length: 33; Trimmed: 1657134 times

Minimum overlap: 3
No. of allowed errors:
1-9 bp: 0; 10-19 bp: 1; 20-29 bp: 2; 30-33 bp: 3

Bases preceding removed adapters:
  A: 26.3%
  C: 28.5%
  G: 33.0%
  T: 11.1%
  none/other: 1.1%

Overview of removed sequences
length	count	expect	max.err	error counts
3	1009400	692238.5	0	1009400
4	234147	173059.6	0	234147
5	61839	43264.9	0	61839
6	24119	10816.2	0	24119
7	18035	2704.1	0	18035
8	15572	676.0	0	15572
9	16517	169.0	0	15149 1368
10	16914	42.3	1	15107 1807
11	14843	10.6	1	13667 1176
12	13724	2.6	1	13037 687
13	13000	0.7	1	12617 383
14	12366	0.2	1	12034 332
15	11662	0.0	1	11248 414
16	11182	0.0	1	10762 420
17	10654	0.0	1	10228 426
18	10073	0.0	1	9602 468 3
19	9449	0.0	1	9092 352 5
20	8782	0.0	2	8320 382 80
21	8423	0.0	2	7983 359 81
22	8182	0.0	2	7747 360 75
23	7615	0.0	2	7178 359 78
24	7287	0.0	2	6877 327 83
25	6596	0.0	2	6218 313 65
26	6437	0.0	2	6031 329 77
27	5790	0.0	2	5437 290 59 4
28	5576	0.0	2	5216 299 61
29	5329	0.0	2	4968 262 89 10
30	5119	0.0	3	4727 286 69 37
31	4428	0.0	3	4017 303 76 32
32	4147	0.0	3	3811 225 64 47
33	3904	0.0	3	3589 224 54 37
34	3676	0.0	3	3386 192 69 29
35	3328	0.0	3	3066 175 51 36
36	3257	0.0	3	2975 195 44 43
37	3021	0.0	3	2766 180 38 37
38	2801	0.0	3	2554 160 45 42
39	2690	0.0	3	2417 185 53 35
40	2482	0.0	3	2269 119 49 45
41	2195	0.0	3	1981 142 37 35
42	2054	0.0	3	1876 112 34 32
43	1806	0.0	3	1642 105 37 22
44	1631	0.0	3	1493 84 34 20
45	1571	0.0	3	1388 107 47 29
46	1443	0.0	3	1296 98 26 23
47	1303	0.0	3	1161 86 36 20
48	1207	0.0	3	1052 80 39 36
49	1147	0.0	3	1018 74 32 23
50	1086	0.0	3	950 99 24 13
51	1029	0.0	3	899 82 20 28
52	901	0.0	3	787 66 29 19
53	789	0.0	3	686 62 24 17
54	760	0.0	3	659 62 25 14
55	735	0.0	3	625 66 24 20
56	614	0.0	3	500 60 30 24
57	582	0.0	3	474 56 30 22
58	584	0.0	3	473 54 24 33
59	507	0.0	3	413 51 25 18
60	538	0.0	3	457 38 25 18
61	502	0.0	3	420 38 21 23
62	469	0.0	3	368 54 25 22
63	408	0.0	3	325 45 22 16
64	381	0.0	3	303 38 24 16
65	341	0.0	3	281 27 18 15
66	308	0.0	3	247 32 21 8
67	264	0.0	3	211 27 18 8
68	241	0.0	3	185 35 11 10
69	277	0.0	3	216 26 21 14
70	271	0.0	3	210 32 14 15
71	201	0.0	3	149 24 14 14
72	185	0.0	3	135 25 13 12
73	133	0.0	3	97 18 9 9
74	130	0.0	3	85 21 14 10
75	109	0.0	3	80 13 9 7
76	92	0.0	3	56 17 8 11
77	87	0.0	3	57 15 10 5
78	79	0.0	3	49 10 14 6
79	47	0.0	3	28 8 6 5
80	53	0.0	3	27 8 8 10
81	27	0.0	3	23 2 1 1
82	20	0.0	3	14 1 2 3
83	19	0.0	3	9 5 2 3
84	19	0.0	3	15 2 1 1
85	21	0.0	3	9 6 2 4
86	20	0.0	3	16 1 1 2
87	23	0.0	3	16 3 1 3
88	11	0.0	3	7 2 1 1
89	8	0.0	3	4 2 1 1
90	8	0.0	3	7 1
91	14	0.0	3	10 1 0 3
92	4	0.0	3	3 1
93	13	0.0	3	8 1 1 3
94	4	0.0	3	3 0 0 1
95	2	0.0	3	2
96	7	0.0	3	2 3 0 2
97	4	0.0	3	1 1 1 1
98	9	0.0	3	5 2 0 2
99	5	0.0	3	2 2 0 1
100	4	0.0	3	0 1 1 2
101	17466	0.0	3	4 16045 1285 132
	Command being timed: "cutadapt -a AGATCGGAAGAGCACACGTCTGAACTCCAGTCA -A AGATCGGAAGAGCGTCGTGTAGGGAAAGAGTGT -o /projects/bgmp/agwel/bioinfo/Bi623/QAA/cutadapt_out/cut_23_4A_control_S17_L008_R1_001.fastq.gz -p /projects/bgmp/agwel/bioinfo/Bi623/QAA/cutadapt_out/cut_23_4A_control_S17_L008_R2_001.fastq.gz /projects/bgmp/shared/2017_sequencing/demultiplexed/23_4A_control_S17_L008_R1_001.fastq.gz /projects/bgmp/shared/2017_sequencing/demultiplexed/23_4A_control_S17_L008_R2_001.fastq.gz"
	User time (seconds): 995.75
	System time (seconds): 0.91
	Percent of CPU this job got: 99%
	Elapsed (wall clock) time (h:mm:ss or m:ss): 16:41.78
	Average shared text size (kbytes): 0
	Average unshared data size (kbytes): 0
	Average stack size (kbytes): 0
	Average total size (kbytes): 0
	Maximum resident set size (kbytes): 47800
	Average resident set size (kbytes): 0
	Major (requiring I/O) page faults: 0
	Minor (reclaiming a frame) page faults: 8763
	Voluntary context switches: 1529
	Involuntary context switches: 415
	Swaps: 0
	File system inputs: 0
	File system outputs: 0
	Socket messages sent: 0
	Socket messages received: 0
	Signals delivered: 0
	Page size (bytes): 4096
	Exit status: 0
