TrimmomaticPE: Started with arguments:
 /projects/bgmp/agwel/bioinfo/Bi623/QAA/cutadapt_out/cut_22_3H_both_S16_L008_R1_001.fastq.gz /projects/bgmp/agwel/bioinfo/Bi623/QAA/cutadapt_out/cut_22_3H_both_S16_L008_R2_001.fastq.gz 22_3H_R1.trimmed.fastq.gz 22_3H_R1un.trimmed.fastq.gz 22_3H_R2.trimmed.fastq.gz 22_3H_R2un.trimmed.fastq.gz LEADING:3 TRAILING:3 SLIDINGWINDOW:5:15 MINLEN:35
Multiple cores found: Using 4 threads
Quality encoding detected as phred33
Input Read Pairs: 4050899 Both Surviving: 3901127 (96.30%) Forward Only Surviving: 145058 (3.58%) Reverse Only Surviving: 2876 (0.07%) Dropped: 1838 (0.05%)
TrimmomaticPE: Completed successfully
	Command being timed: "trimmomatic PE /projects/bgmp/agwel/bioinfo/Bi623/QAA/cutadapt_out/cut_22_3H_both_S16_L008_R1_001.fastq.gz /projects/bgmp/agwel/bioinfo/Bi623/QAA/cutadapt_out/cut_22_3H_both_S16_L008_R2_001.fastq.gz 22_3H_R1.trimmed.fastq.gz 22_3H_R1un.trimmed.fastq.gz 22_3H_R2.trimmed.fastq.gz 22_3H_R2un.trimmed.fastq.gz LEADING:3 TRAILING:3 SLIDINGWINDOW:5:15 MINLEN:35"
	User time (seconds): 223.33
	System time (seconds): 4.58
	Percent of CPU this job got: 210%
	Elapsed (wall clock) time (h:mm:ss or m:ss): 1:48.48
	Average shared text size (kbytes): 0
	Average unshared data size (kbytes): 0
	Average stack size (kbytes): 0
	Average total size (kbytes): 0
	Maximum resident set size (kbytes): 399704
	Average resident set size (kbytes): 0
	Major (requiring I/O) page faults: 0
	Minor (reclaiming a frame) page faults: 63899
	Voluntary context switches: 46211
	Involuntary context switches: 643
	Swaps: 0
	File system inputs: 0
	File system outputs: 448
	Socket messages sent: 0
	Socket messages received: 0
	Signals delivered: 0
	Page size (bytes): 4096
	Exit status: 0
TrimmomaticPE: Started with arguments:
 /projects/bgmp/agwel/bioinfo/Bi623/QAA/cutadapt_out/cut_23_4A_control_S17_L008_R1_001.fastq.gz /projects/bgmp/agwel/bioinfo/Bi623/QAA/cutadapt_out/cut_23_4A_control_S17_L008_R2_001.fastq.gz 23_4A_R1.trimmed.fastq.gz 23_4A_R1un.trimmed.fastq.gz 23_4A_R2.trimmed.fastq.gz 23_4A_R2un.trimmed.fastq.gz LEADING:3 TRAILING:3 SLIDINGWINDOW:5:15 MINLEN:35
Multiple cores found: Using 4 threads
Quality encoding detected as phred33
Input Read Pairs: 44303262 Both Surviving: 42056576 (94.93%) Forward Only Surviving: 2176754 (4.91%) Reverse Only Surviving: 31679 (0.07%) Dropped: 38253 (0.09%)
TrimmomaticPE: Completed successfully
	Command being timed: "trimmomatic PE /projects/bgmp/agwel/bioinfo/Bi623/QAA/cutadapt_out/cut_23_4A_control_S17_L008_R1_001.fastq.gz /projects/bgmp/agwel/bioinfo/Bi623/QAA/cutadapt_out/cut_23_4A_control_S17_L008_R2_001.fastq.gz 23_4A_R1.trimmed.fastq.gz 23_4A_R1un.trimmed.fastq.gz 23_4A_R2.trimmed.fastq.gz 23_4A_R2un.trimmed.fastq.gz LEADING:3 TRAILING:3 SLIDINGWINDOW:5:15 MINLEN:35"
	User time (seconds): 2399.11
	System time (seconds): 46.03
	Percent of CPU this job got: 212%
	Elapsed (wall clock) time (h:mm:ss or m:ss): 19:09.12
	Average shared text size (kbytes): 0
	Average unshared data size (kbytes): 0
	Average stack size (kbytes): 0
	Average total size (kbytes): 0
	Maximum resident set size (kbytes): 399304
	Average resident set size (kbytes): 0
	Major (requiring I/O) page faults: 0
	Minor (reclaiming a frame) page faults: 92783
	Voluntary context switches: 491370
	Involuntary context switches: 3087
	Swaps: 0
	File system inputs: 0
	File system outputs: 1536
	Socket messages sent: 0
	Socket messages received: 0
	Signals delivered: 0
	Page size (bytes): 4096
	Exit status: 0
